APPLICATION	CarMaker 8.1 - Car_Generic #52 (linux64-8.1)
COMPILED	pt@pluto.ipg 2019-11-08 10:56:52
FIRST_INIT	(internal default used)	2021-01-06 17:47:48
TIME	0.000
SIM_END			0s	0m
IDLE	17:47:48
SIM_START	unknown	2021-01-06 17:47:49
TIME	0.000
SIMULATE	unknown

TIME	60.003
SIM_END		unknown	60s	410.979m
SIM_START	unknown	2021-01-06 17:48:16
TIME	0.000
SIMULATE	unknown

TIME	60.005
SIM_END		unknown	60s	410.979m
TIME	73.215
SIM_START	unknown	2021-01-06 17:50:50
TIME	0.000
SIMULATE	unknown

TIME	60.003
SIM_END		unknown	60s	762.26m
TIME	64.581
SIM_START	unknown	2021-01-06 17:51:59
TIME	0.000
SIMULATE	unknown

TIME	40.095
SIM_END		unknown	40.09s	486.406m
TIME	60.047
SIM_START	unknown	2021-01-06 17:55:40
TIME	0.000
SIMULATE	unknown

TIME	60.003
SIM_END		unknown	60s	619.323m
TIME	108.987
SIM_START	unknown	2021-01-06 18:04:14
TIME	0.022
ERROR		RadarSensor: No license for feature 'PSM'
SIM_ABORT	unknown	0s	619.323m
TIME	8.002
SIM_START	unknown	2021-01-06 18:05:34
TIME	0.016
ERROR		RadarSensor: No license for feature 'PSM'
SIM_ABORT	unknown	0s	0m
SIM_START	unknown	2021-01-06 18:05:46
TIME	0.000
SIMULATE	unknown

TIME	29.844
SIM_END		unknown	29.841s	201.21m
SIM_START	unknown	2021-01-06 18:06:25
TIME	0.000
SIMULATE	unknown

TIME	32.732
SIM_END		unknown	32.729s	240.562m
TIME	36.484
SIM_START	unknown	2021-01-06 18:08:09
TIME	0.000
SIMULATE	unknown

TIME	180.003
SIM_END		unknown	180s	999.045m
TIME	183.977
SIM_START	unknown	2021-01-06 18:10:08
TIME	0.000
SIMULATE	unknown

TIME	180.004
SIM_END		unknown	180s	1476.38m
TIME	189.830
SIM_START	Greisheim_sim	2021-01-06 18:12:24
TIME	0.000
SIMULATE	Greisheim_sim

TIME	240.003
SIM_END		Greisheim_sim	240s	2178.36m
TIME	251.053
SIM_START	Greisheim_sim	2021-01-06 18:15:04
TIME	0.000
SIMULATE	Greisheim_sim

TIME	240.004
SIM_END		Greisheim_sim	240s	1758.29m
SIM_START	Greisheim_sim	2021-01-06 18:16:12
TIME	0.000
SIMULATE	Greisheim_sim

TIME	300.003
SIM_END		Greisheim_sim	300s	1896.31m
SIM_START	Greisheim_sim	2021-01-06 18:17:33
TIME	0.000
SIMULATE	Greisheim_sim

TIME	24.678
SIM_END		Greisheim_sim	24.675s	304.704m
SIM_START	Greisheim_sim	2021-01-06 18:17:44
TIME	0.000
SIMULATE	Greisheim_sim

TIME	10.047
SIM_END		Greisheim_sim	10.044s	102.291m
TIME	16.263
SIM_START	Greisheim_sim	2021-01-06 18:18:58
TIME	0.000
SIMULATE	Greisheim_sim

TIME	11.580
SIM_END		Greisheim_sim	11.577s	123.721m
SIM_START	Greisheim_sim	2021-01-06 18:19:15
TIME	0.000
SIMULATE	Greisheim_sim

TIME	14.518
SIM_END		Greisheim_sim	14.515s	164.611m
SIM_START	Greisheim_sim	2021-01-06 18:19:42
TIME	0.000
SIMULATE	Greisheim_sim

TIME	24.062
SIM_END		Greisheim_sim	24.059s	296.149m
TIME	29.990
SIM_START	Greisheim_sim	2021-01-06 18:21:07
TIME	0.000
SIMULATE	Greisheim_sim

TIME	10.287
SIM_END		Greisheim_sim	10.284s	104.612m
SIM_START	Greisheim_sim	2021-01-06 18:21:22
TIME	0.000
SIMULATE	Greisheim_sim

TIME	36.421
SIM_END		Greisheim_sim	36.416s	197.021m
SIM_START	Greisheim_sim	2021-01-06 18:22:12
TIME	0.000
SIMULATE	Greisheim_sim

TIME	67.174
SIM_END		Greisheim_sim	67.171s	624.039m
TIME	80.970
SIM_START	Greisheim_sim	2021-01-06 18:25:38
TIME	0.000
SIMULATE	Greisheim_sim

TIME	201.057
SIM_END		Greisheim_sim	201.052s	1522.6m
TIME	205.750
SHUTDOWN	CarMaker quick shutdown initiated

