APPLICATION	CarMaker 8.1 - Car_Generic #52 (linux64-8.1)
COMPILED	pt@pluto.ipg 2019-11-08 10:56:52
FIRST_INIT	(internal default used)	2021-01-06 22:08:11
TIME	0.000
SIM_END			0s	0m
IDLE	22:08:11
TIME	497.284
SIM_START	Greisheim_sim	2021-01-06 23:31:04
TIME	0.000
SIMULATE	Greisheim_sim

TIME	300.003
SIM_END		Greisheim_sim	300s	1679.51m
TIME	312.197
SIM_START	Greisheim_sim	2021-01-06 23:34:54
TIME	0.000
SIMULATE	Greisheim_sim

TIME	300.003
SIM_END		Greisheim_sim	300s	1679.51m
TIME	312.969
SIM_START	Greisheim_sim	2021-01-06 23:38:45
TIME	0.000
SIMULATE	Greisheim_sim

TIME	5.426
SIM_END		Greisheim_sim	5.422s	39.3646m
TIME	11.266
SIM_START	Greisheim_sim	2021-01-06 23:39:47
TIME	0.000
SIMULATE	Greisheim_sim

TIME	80.285
SIM_END		Greisheim_sim	80.28s	711.43m
