APPLICATION	CarMaker 8.1 - Car_Generic #52 (linux64-8.1)
COMPILED	pt@pluto.ipg 2019-11-08 10:56:52
FIRST_INIT	(internal default used)	2021-01-27 17:06:22
TIME	0.000
SIM_END			0s	0m
IDLE	17:06:22
SIM_START	Greisheim_sim	2021-01-27 17:06:24
TIME	0.000
SIMULATE	Greisheim_sim

TIME	48.493
SIM_END		Greisheim_sim	48.49s	214.832m
TIME	178.528
SIM_START	Greisheim_sim	2021-01-27 17:29:42
TIME	0.007
WARNING		Cannot start simulation, must be in state 'Idle' (currently 'StartWait')
TIME	0.000
SIMULATE	Greisheim_sim

TIME	229.646
SIM_END		Greisheim_sim	229.636s	1725.01m
TIME	658.509
SHUTDOWN	CarMaker quick shutdown initiated

