APPLICATION	CarMaker 8.1 - Car_Generic #52 (linux64-8.1)
COMPILED	pt@pluto.ipg 2019-11-08 10:56:52
FIRST_INIT	(internal default used)	2021-02-10 23:07:17
TIME	0.000
SIM_END			0s	0m
IDLE	23:07:18
SIM_START	Greisheim_sim_turnRight	2021-02-10 23:07:19
TIME	0.000
SIMULATE	Greisheim_sim_turnRight

TIME	7.955
ERROR		Vehicle leaves road at about x=-42.6972, y=-9.08391 TireNo=1
SIM_ABORT	Greisheim_sim_turnRight	7.955s	39.7226m
TIME	12.254
SIM_START	Greisheim_sim_turnRight	2021-02-10 23:08:05
TIME	0.000
SIMULATE	Greisheim_sim_turnRight

TIME	13.034
ERROR		Vehicle leaves road at about x=-87.9335, y=-33.1758 TireNo=0
SIM_ABORT	Greisheim_sim_turnRight	13.034s	91.2636m
TIME	17.656
SHUTDOWN	CarMaker quick shutdown initiated

