APPLICATION	CarMaker 8.1 - Car_Generic #52 (linux64-8.1)
COMPILED	pt@pluto.ipg 2019-11-08 10:56:52
FIRST_INIT	(internal default used)	2021-02-12 02:37:17
TIME	0.000
SIM_END			0s	0m
IDLE	02:37:17
SIM_START	Greisheim_sim_turnRight	2021-02-12 02:37:19
TIME	0.000
SIMULATE	Greisheim_sim_turnRight

TIME	27.223
ERROR		Vehicle leaves road at about x=-155.094, y=-39.6192 TireNo=0
SIM_ABORT	Greisheim_sim_turnRight	27.223s	158.068m
TIME	33.072
SIM_START	Greisheim_sim_turnRight	2021-02-12 02:38:45
TIME	0.000
SIMULATE	Greisheim_sim_turnRight

TIME	8.062
ERROR		Vehicle leaves road at about x=-36.8604, y=-7.19635 TireNo=1
SIM_ABORT	Greisheim_sim_turnRight	8.062s	33.5788m
SHUTDOWN	CarMaker quick shutdown initiated

