APPLICATION	CarMaker 8.1 - Car_Generic #52 (linux64-8.1)
COMPILED	pt@pluto.ipg 2019-11-08 10:56:52
FIRST_INIT	(internal default used)	2021-01-23 00:09:35
TIME	0.000
SIM_END			0s	0m
IDLE	00:09:36
SIM_START	Greisheim_sim_ohneTraffic	2021-01-23 00:09:45
TIME	0.000
SIMULATE	Greisheim_sim_ohneTraffic

TIME	88.270
SIM_END		Greisheim_sim_ohneTraffic	88.261s	916.953m
SIM_START	Greisheim_sim_ohneTraffic	2021-01-23 00:10:03
TIME	0.000
SIMULATE	Greisheim_sim_ohneTraffic

TIME	125.824
SIM_END		Greisheim_sim_ohneTraffic	125.821s	1164.82m
SIM_START	Greisheim_sim_ohneTraffic	2021-01-23 00:10:34
TIME	0.000
SIMULATE	Greisheim_sim_ohneTraffic

TIME	17.690
SIM_END		Greisheim_sim_ohneTraffic	17.685s	127.121m
TIME	168.401
SHUTDOWN	CarMaker quick shutdown initiated

